2025-09-25 10:09:24 INFO  o.h.validator.internal.util.Version - HV000001: Hibernate Validator 8.0.2.Final
2025-09-25 10:09:24 INFO  com.educonnect.Main - Starting Main using Java 21.0.8 with PID 22796 (D:\SGP3\EduConnect\target\classes started by Admin in D:\SGP3\EduConnect)
2025-09-25 10:09:24 INFO  com.educonnect.Main - No active profile set, falling back to 1 default profile: "default"
2025-09-25 10:09:24 INFO  o.s.b.d.e.DevToolsPropertyDefaultsPostProcessor - Devtools property defaults active! Set 'spring.devtools.add-properties' to 'false' to disable
2025-09-25 10:09:24 INFO  o.s.b.d.e.DevToolsPropertyDefaultsPostProcessor - For additional web related logging consider setting the 'logging.level.web' property to 'DEBUG'
2025-09-25 10:09:29 INFO  o.s.d.r.c.RepositoryConfigurationDelegate - Bootstrapping Spring Data JPA repositories in DEFAULT mode.
2025-09-25 10:09:29 INFO  o.s.d.r.c.RepositoryConfigurationDelegate - Finished Spring Data repository scanning in 178 ms. Found 20 JPA repository interfaces.
2025-09-25 10:09:30 INFO  o.s.b.w.e.tomcat.TomcatWebServer - Tomcat initialized with port 8081 (http)
2025-09-25 10:09:30 INFO  o.a.coyote.http11.Http11NioProtocol - Initializing ProtocolHandler ["http-nio-8081"]
2025-09-25 10:09:30 INFO  o.a.catalina.core.StandardService - Starting service [Tomcat]
2025-09-25 10:09:30 INFO  o.a.catalina.core.StandardEngine - Starting Servlet engine: [Apache Tomcat/10.1.41]
2025-09-25 10:09:30 INFO  o.a.c.c.C.[Tomcat].[localhost].[/] - Initializing Spring embedded WebApplicationContext
2025-09-25 10:09:30 INFO  o.s.b.w.s.c.ServletWebServerApplicationContext - Root WebApplicationContext: initialization completed in 6112 ms
2025-09-25 10:09:31 INFO  o.h.jpa.internal.util.LogHelper - HHH000204: Processing PersistenceUnitInfo [name: default]
2025-09-25 10:09:31 INFO  org.hibernate.Version - HHH000412: Hibernate ORM core version 6.5.3.Final
2025-09-25 10:09:31 INFO  o.h.c.i.RegionFactoryInitiator - HHH000026: Second-level cache disabled
2025-09-25 10:09:31 INFO  o.s.o.j.p.SpringPersistenceUnitInfo - No LoadTimeWeaver setup: ignoring JPA class transformer
2025-09-25 10:09:31 INFO  com.zaxxer.hikari.HikariDataSource - HikariPool-1 - Starting...
2025-09-25 10:09:32 INFO  com.zaxxer.hikari.pool.HikariPool - HikariPool-1 - Added connection org.postgresql.jdbc.PgConnection@1c7987b1
2025-09-25 10:09:32 INFO  com.zaxxer.hikari.HikariDataSource - HikariPool-1 - Start completed.
2025-09-25 10:09:33 INFO  o.h.e.t.j.p.i.JtaPlatformInitiator - HHH000489: No JTA platform available (set 'hibernate.transaction.jta.platform' to enable JTA platform integration)
2025-09-25 10:09:34 INFO  o.s.o.j.LocalContainerEntityManagerFactoryBean - Initialized JPA EntityManagerFactory for persistence unit 'default'
2025-09-25 10:09:34 INFO  o.s.d.j.r.query.QueryEnhancerFactory - Hibernate is in classpath; If applicable, HQL parser will be used.
2025-09-25 10:09:37 WARN  o.s.b.a.o.j.JpaBaseConfiguration$JpaWebConfiguration - spring.jpa.open-in-view is enabled by default. Therefore, database queries may be performed during view rendering. Explicitly configure spring.jpa.open-in-view to disable this warning
2025-09-25 10:09:37 INFO  o.s.s.c.a.a.c.InitializeAuthenticationProviderBeanManagerConfigurer$InitializeAuthenticationProviderManagerConfigurer - Global AuthenticationManager configured with AuthenticationProvider bean with name authenticationProvider
2025-09-25 10:09:37 WARN  o.s.s.c.a.a.c.InitializeUserDetailsBeanManagerConfigurer$InitializeUserDetailsManagerConfigurer - Global AuthenticationManager configured with an AuthenticationProvider bean. UserDetailsService beans will not be used for username/password login. Consider removing the AuthenticationProvider bean. Alternatively, consider using the UserDetailsService in a manually instantiated DaoAuthenticationProvider.
2025-09-25 10:09:38 INFO  o.s.b.d.a.OptionalLiveReloadServer - LiveReload server is running on port 35729
2025-09-25 10:09:38 INFO  o.a.coyote.http11.Http11NioProtocol - Starting ProtocolHandler ["http-nio-8081"]
2025-09-25 10:09:38 INFO  o.s.b.w.e.tomcat.TomcatWebServer - Tomcat started on port 8081 (http) with context path '/'
2025-09-25 10:09:38 INFO  o.s.m.s.b.SimpleBrokerMessageHandler - Starting...
2025-09-25 10:09:38 INFO  o.s.m.s.b.SimpleBrokerMessageHandler - BrokerAvailabilityEvent[available=true, SimpleBrokerMessageHandler [org.springframework.messaging.simp.broker.DefaultSubscriptionRegistry@673b272f]]
2025-09-25 10:09:38 INFO  o.s.m.s.b.SimpleBrokerMessageHandler - Started.
2025-09-25 10:09:38 INFO  com.educonnect.Main - Started Main in 15.016 seconds (process running for 16.405)
2025-09-25 10:10:04 INFO  o.a.c.c.C.[Tomcat].[localhost].[/] - Initializing Spring DispatcherServlet 'dispatcherServlet'
2025-09-25 10:10:04 INFO  o.s.web.servlet.DispatcherServlet - Initializing Servlet 'dispatcherServlet'
2025-09-25 10:10:04 INFO  o.s.web.servlet.DispatcherServlet - Completed initialization in 4 ms
2025-09-25 10:10:05 INFO  c.e.event.controller.EventController - Fetching events - page: 0, size: 20, sortBy: startDate, sortDirection: asc
2025-09-25 10:10:05 INFO  c.e.event.service.EventService - Fetching all events with pagination: Page request [number: 0, size 20, sort: startDate: ASC]
2025-09-25 10:10:35 INFO  c.e.event.controller.EventController - Fetching events - page: 0, size: 9, sortBy: startDate, sortDirection: desc
2025-09-25 10:10:35 INFO  c.e.event.service.EventService - Fetching all events with pagination: Page request [number: 0, size 9, sort: startDate: DESC]
2025-09-25 10:10:38 INFO  o.s.w.s.c.WebSocketMessageBrokerStats - WebSocketSession[1 current WS(1)-HttpStream(0)-HttpPoll(0), 2 total, 0 closed abnormally (0 connect failure, 0 send limit, 3 transport error)], stompSubProtocol[processed CONNECT(1)-CONNECTED(1)-DISCONNECT(0)], stompBrokerRelay[null], inboundChannel[pool size = 15, active threads = 0, queued tasks = 0, completed tasks = 15], outboundChannel[pool size = 2, active threads = 0, queued tasks = 0, completed tasks = 2], sockJsScheduler[pool size = 6, active threads = 1, queued tasks = 2, completed tasks = 2]
2025-09-25 10:11:05 WARN  c.e.event.service.FormCreateService - No active forms found for event 8 requested by user 19b1400c-26e9-4cc7-b6c9-1e1ec910d2eb
2025-09-25 10:11:05 ERROR c.e.e.c.FormCreateController - No active form found for event 8: No active forms found for event: 8
2025-09-25 10:11:06 ERROR o.a.c.c.C.[.[.[.[dispatcherServlet] - Servlet.service() for servlet [dispatcherServlet] in context with path [] threw exception [Request processing failed: java.lang.RuntimeException: User already registered for this event] with root cause
java.lang.RuntimeException: User already registered for this event
	at com.educonnect.event.service.RegistrationService.userRegister(RegistrationService.java:45)
	at java.base/jdk.internal.reflect.DirectMethodHandleAccessor.invoke(DirectMethodHandleAccessor.java:103)
	at java.base/java.lang.reflect.Method.invoke(Method.java:580)
	at org.springframework.aop.support.AopUtils.invokeJoinpointUsingReflection(AopUtils.java:355)
	at org.springframework.aop.framework.ReflectiveMethodInvocation.invokeJoinpoint(ReflectiveMethodInvocation.java:196)
	at org.springframework.aop.framework.ReflectiveMethodInvocation.proceed(ReflectiveMethodInvocation.java:163)
	at org.springframework.aop.framework.CglibAopProxy$CglibMethodInvocation.proceed(CglibAopProxy.java:769)
	at org.springframework.transaction.interceptor.TransactionAspectSupport.invokeWithinTransaction(TransactionAspectSupport.java:379)
	at org.springframework.transaction.interceptor.TransactionInterceptor.invoke(TransactionInterceptor.java:119)
	at org.springframework.aop.framework.ReflectiveMethodInvocation.proceed(ReflectiveMethodInvocation.java:184)
	at org.springframework.aop.framework.CglibAopProxy$CglibMethodInvocation.proceed(CglibAopProxy.java:769)
	at org.springframework.aop.framework.CglibAopProxy$DynamicAdvisedInterceptor.intercept(CglibAopProxy.java:721)
	at com.educonnect.event.service.RegistrationService$$SpringCGLIB$$0.userRegister(<generated>)
	at com.educonnect.event.controller.RegistrationController.registerForEvent(RegistrationController.java:37)
	at java.base/jdk.internal.reflect.DirectMethodHandleAccessor.invoke(DirectMethodHandleAccessor.java:103)
	at java.base/java.lang.reflect.Method.invoke(Method.java:580)
	at org.springframework.aop.support.AopUtils.invokeJoinpointUsingReflection(AopUtils.java:355)
	at org.springframework.aop.framework.ReflectiveMethodInvocation.invokeJoinpoint(ReflectiveMethodInvocation.java:196)
	at org.springframework.aop.framework.ReflectiveMethodInvocation.proceed(ReflectiveMethodInvocation.java:163)
	at org.springframework.aop.framework.CglibAopProxy$CglibMethodInvocation.proceed(CglibAopProxy.java:769)
	at org.springframework.cache.interceptor.CacheInterceptor.lambda$invoke$0(CacheInterceptor.java:55)
	at org.springframework.cache.interceptor.CacheAspectSupport.invokeOperation(CacheAspectSupport.java:416)
	at org.springframework.cache.interceptor.CacheAspectSupport.evaluate(CacheAspectSupport.java:551)
	at org.springframework.cache.interceptor.CacheAspectSupport.execute(CacheAspectSupport.java:433)
	at org.springframework.cache.interceptor.CacheAspectSupport.execute(CacheAspectSupport.java:395)
	at org.springframework.cache.interceptor.CacheInterceptor.invoke(CacheInterceptor.java:65)
	at org.springframework.aop.framework.ReflectiveMethodInvocation.proceed(ReflectiveMethodInvocation.java:184)
	at org.springframework.aop.framework.CglibAopProxy$CglibMethodInvocation.proceed(CglibAopProxy.java:769)
	at org.springframework.aop.framework.CglibAopProxy$DynamicAdvisedInterceptor.intercept(CglibAopProxy.java:721)
	at com.educonnect.event.controller.RegistrationController$$SpringCGLIB$$0.registerForEvent(<generated>)
	at java.base/jdk.internal.reflect.DirectMethodHandleAccessor.invoke(DirectMethodHandleAccessor.java:103)
	at java.base/java.lang.reflect.Method.invoke(Method.java:580)
	at org.springframework.web.method.support.InvocableHandlerMethod.doInvoke(InvocableHandlerMethod.java:255)
	at org.springframework.web.method.support.InvocableHandlerMethod.invokeForRequest(InvocableHandlerMethod.java:188)
	at org.springframework.web.servlet.mvc.method.annotation.ServletInvocableHandlerMethod.invokeAndHandle(ServletInvocableHandlerMethod.java:118)
	at org.springframework.web.servlet.mvc.method.annotation.RequestMappingHandlerAdapter.invokeHandlerMethod(RequestMappingHandlerAdapter.java:926)
	at org.springframework.web.servlet.mvc.method.annotation.RequestMappingHandlerAdapter.handleInternal(RequestMappingHandlerAdapter.java:831)
	at org.springframework.web.servlet.mvc.method.AbstractHandlerMethodAdapter.handle(AbstractHandlerMethodAdapter.java:87)
	at org.springframework.web.servlet.DispatcherServlet.doDispatch(DispatcherServlet.java:1089)
	at org.springframework.web.servlet.DispatcherServlet.doService(DispatcherServlet.java:979)
	at org.springframework.web.servlet.FrameworkServlet.processRequest(FrameworkServlet.java:1014)
	at org.springframework.web.servlet.FrameworkServlet.doPost(FrameworkServlet.java:914)
	at jakarta.servlet.http.HttpServlet.service(HttpServlet.java:590)
	at org.springframework.web.servlet.FrameworkServlet.service(FrameworkServlet.java:885)
	at jakarta.servlet.http.HttpServlet.service(HttpServlet.java:658)
	at org.apache.catalina.core.ApplicationFilterChain.internalDoFilter(ApplicationFilterChain.java:195)
	at org.apache.catalina.core.ApplicationFilterChain.doFilter(ApplicationFilterChain.java:140)
	at org.apache.tomcat.websocket.server.WsFilter.doFilter(WsFilter.java:51)
	at org.apache.catalina.core.ApplicationFilterChain.internalDoFilter(ApplicationFilterChain.java:164)
	at org.apache.catalina.core.ApplicationFilterChain.doFilter(ApplicationFilterChain.java:140)
	at org.springframework.web.filter.OncePerRequestFilter.doFilter(OncePerRequestFilter.java:110)
	at org.apache.catalina.core.ApplicationFilterChain.internalDoFilter(ApplicationFilterChain.java:164)
	at org.apache.catalina.core.ApplicationFilterChain.doFilter(ApplicationFilterChain.java:140)
	at org.springframework.web.filter.CompositeFilter$VirtualFilterChain.doFilter(CompositeFilter.java:108)
	at org.springframework.security.web.FilterChainProxy.lambda$doFilterInternal$3(FilterChainProxy.java:231)
	at org.springframework.security.web.FilterChainProxy$VirtualFilterChain.doFilter(FilterChainProxy.java:365)
	at org.springframework.security.web.access.intercept.AuthorizationFilter.doFilter(AuthorizationFilter.java:100)
	at org.springframework.security.web.FilterChainProxy$VirtualFilterChain.doFilter(FilterChainProxy.java:374)
	at org.springframework.security.web.access.ExceptionTranslationFilter.doFilter(ExceptionTranslationFilter.java:126)
	at org.springframework.security.web.access.ExceptionTranslationFilter.doFilter(ExceptionTranslationFilter.java:120)
	at org.springframework.security.web.FilterChainProxy$VirtualFilterChain.doFilter(FilterChainProxy.java:374)
	at org.springframework.security.web.session.SessionManagementFilter.doFilter(SessionManagementFilter.java:131)
	at org.springframework.security.web.session.SessionManagementFilter.doFilter(SessionManagementFilter.java:85)
	at org.springframework.security.web.FilterChainProxy$VirtualFilterChain.doFilter(FilterChainProxy.java:374)
	at org.springframework.security.web.authentication.AnonymousAuthenticationFilter.doFilter(AnonymousAuthenticationFilter.java:100)
	at org.springframework.security.web.FilterChainProxy$VirtualFilterChain.doFilter(FilterChainProxy.java:374)
	at org.springframework.security.web.servletapi.SecurityContextHolderAwareRequestFilter.doFilter(SecurityContextHolderAwareRequestFilter.java:179)
	at org.springframework.security.web.FilterChainProxy$VirtualFilterChain.doFilter(FilterChainProxy.java:374)
	at org.springframework.security.web.savedrequest.RequestCacheAwareFilter.doFilter(RequestCacheAwareFilter.java:63)
	at org.springframework.security.web.FilterChainProxy$VirtualFilterChain.doFilter(FilterChainProxy.java:374)
	at com.educonnect.auth.security.JwtAuthFilter.doFilterInternal(JwtAuthFilter.java:57)
	at org.springframework.web.filter.OncePerRequestFilter.doFilter(OncePerRequestFilter.java:116)
	at org.springframework.security.web.FilterChainProxy$VirtualFilterChain.doFilter(FilterChainProxy.java:374)
	at org.springframework.security.web.authentication.logout.LogoutFilter.doFilter(LogoutFilter.java:107)
	at org.springframework.security.web.authentication.logout.LogoutFilter.doFilter(LogoutFilter.java:93)
	at org.springframework.security.web.FilterChainProxy$VirtualFilterChain.doFilter(FilterChainProxy.java:374)
	at org.springframework.web.filter.CorsFilter.doFilterInternal(CorsFilter.java:91)
	at org.springframework.web.filter.OncePerRequestFilter.doFilter(OncePerRequestFilter.java:116)
	at org.springframework.security.web.FilterChainProxy$VirtualFilterChain.doFilter(FilterChainProxy.java:374)
	at org.springframework.security.web.header.HeaderWriterFilter.doHeadersAfter(HeaderWriterFilter.java:90)
	at org.springframework.security.web.header.HeaderWriterFilter.doFilterInternal(HeaderWriterFilter.java:75)
	at org.springframework.web.filter.OncePerRequestFilter.doFilter(OncePerRequestFilter.java:116)
	at org.springframework.security.web.FilterChainProxy$VirtualFilterChain.doFilter(FilterChainProxy.java:374)
	at org.springframework.security.web.context.SecurityContextHolderFilter.doFilter(SecurityContextHolderFilter.java:82)
	at org.springframework.security.web.context.SecurityContextHolderFilter.doFilter(SecurityContextHolderFilter.java:69)
	at org.springframework.security.web.FilterChainProxy$VirtualFilterChain.doFilter(FilterChainProxy.java:374)
	at org.springframework.security.web.context.request.async.WebAsyncManagerIntegrationFilter.doFilterInternal(WebAsyncManagerIntegrationFilter.java:62)
	at org.springframework.web.filter.OncePerRequestFilter.doFilter(OncePerRequestFilter.java:116)
	at org.springframework.security.web.FilterChainProxy$VirtualFilterChain.doFilter(FilterChainProxy.java:374)
	at org.springframework.security.web.session.DisableEncodeUrlFilter.doFilterInternal(DisableEncodeUrlFilter.java:42)
	at org.springframework.web.filter.OncePerRequestFilter.doFilter(OncePerRequestFilter.java:116)
	at org.springframework.security.web.FilterChainProxy$VirtualFilterChain.doFilter(FilterChainProxy.java:374)
	at org.springframework.security.web.FilterChainProxy.doFilterInternal(FilterChainProxy.java:233)
	at org.springframework.security.web.FilterChainProxy.doFilter(FilterChainProxy.java:191)
	at org.springframework.web.filter.CompositeFilter$VirtualFilterChain.doFilter(CompositeFilter.java:113)
	at org.springframework.web.servlet.handler.HandlerMappingIntrospector.lambda$createCacheFilter$3(HandlerMappingIntrospector.java:195)
	at org.springframework.web.filter.CompositeFilter$VirtualFilterChain.doFilter(CompositeFilter.java:113)
	at org.springframework.web.filter.CompositeFilter.doFilter(CompositeFilter.java:74)
	at org.springframework.security.config.annotation.web.configuration.WebMvcSecurityConfiguration$CompositeFilterChainProxy.doFilter(WebMvcSecurityConfiguration.java:230)
	at org.springframework.web.filter.DelegatingFilterProxy.invokeDelegate(DelegatingFilterProxy.java:362)
	at org.springframework.web.filter.DelegatingFilterProxy.doFilter(DelegatingFilterProxy.java:278)
	at org.apache.catalina.core.ApplicationFilterChain.internalDoFilter(ApplicationFilterChain.java:164)
	at org.apache.catalina.core.ApplicationFilterChain.doFilter(ApplicationFilterChain.java:140)
	at org.springframework.web.filter.RequestContextFilter.doFilterInternal(RequestContextFilter.java:100)
	at org.springframework.web.filter.OncePerRequestFilter.doFilter(OncePerRequestFilter.java:116)
	at org.apache.catalina.core.ApplicationFilterChain.internalDoFilter(ApplicationFilterChain.java:164)
	at org.apache.catalina.core.ApplicationFilterChain.doFilter(ApplicationFilterChain.java:140)
	at org.springframework.web.filter.FormContentFilter.doFilterInternal(FormContentFilter.java:93)
	at org.springframework.web.filter.OncePerRequestFilter.doFilter(OncePerRequestFilter.java:116)
	at org.apache.catalina.core.ApplicationFilterChain.internalDoFilter(ApplicationFilterChain.java:164)
	at org.apache.catalina.core.ApplicationFilterChain.doFilter(ApplicationFilterChain.java:140)
	at org.springframework.web.filter.CharacterEncodingFilter.doFilterInternal(CharacterEncodingFilter.java:201)
	at org.springframework.web.filter.OncePerRequestFilter.doFilter(OncePerRequestFilter.java:116)
	at org.apache.catalina.core.ApplicationFilterChain.internalDoFilter(ApplicationFilterChain.java:164)
	at org.apache.catalina.core.ApplicationFilterChain.doFilter(ApplicationFilterChain.java:140)
	at org.apache.catalina.core.StandardWrapperValve.invoke(StandardWrapperValve.java:167)
	at org.apache.catalina.core.StandardContextValve.invoke(StandardContextValve.java:90)
	at org.apache.catalina.authenticator.AuthenticatorBase.invoke(AuthenticatorBase.java:483)
	at org.apache.catalina.core.StandardHostValve.invoke(StandardHostValve.java:116)
	at org.apache.catalina.valves.ErrorReportValve.invoke(ErrorReportValve.java:93)
	at org.apache.catalina.core.StandardEngineValve.invoke(StandardEngineValve.java:74)
	at org.apache.catalina.connector.CoyoteAdapter.service(CoyoteAdapter.java:344)
	at org.apache.coyote.http11.Http11Processor.service(Http11Processor.java:398)
	at org.apache.coyote.AbstractProcessorLight.process(AbstractProcessorLight.java:63)
	at org.apache.coyote.AbstractProtocol$ConnectionHandler.process(AbstractProtocol.java:903)
	at org.apache.tomcat.util.net.NioEndpoint$SocketProcessor.doRun(NioEndpoint.java:1740)
	at org.apache.tomcat.util.net.SocketProcessorBase.run(SocketProcessorBase.java:52)
	at org.apache.tomcat.util.threads.ThreadPoolExecutor.runWorker(ThreadPoolExecutor.java:1189)
	at org.apache.tomcat.util.threads.ThreadPoolExecutor$Worker.run(ThreadPoolExecutor.java:658)
	at org.apache.tomcat.util.threads.TaskThread$WrappingRunnable.run(TaskThread.java:63)
	at java.base/java.lang.Thread.run(Thread.java:1583)
2025-09-25 10:11:37 WARN  c.e.event.service.FormCreateService - No active forms found for event 8 requested by user 19b1400c-26e9-4cc7-b6c9-1e1ec910d2eb
2025-09-25 10:11:37 ERROR c.e.e.c.FormCreateController - No active form found for event 8: No active forms found for event: 8
2025-09-25 10:14:19 WARN  c.e.event.service.FormCreateService - No active forms found for event 8 requested by user a9d14952-25f1-42b9-bb8e-5e03f7ec4e8f
2025-09-25 10:14:19 ERROR c.e.e.c.FormCreateController - No active form found for event 8: No active forms found for event: 8
2025-09-25 10:14:52 ERROR c.e.e.c.FormCreateController - Error retrieving forms for event 8: No forms found for this event
2025-09-25 10:15:25 INFO  c.e.event.service.FormCreateService - Form 4 created for event 8 by user a9d14952-25f1-42b9-bb8e-5e03f7ec4e8f with status: active
2025-09-25 10:15:25 INFO  c.e.e.c.FormCreateController - Form created successfully for event 8 by user a9d14952-25f1-42b9-bb8e-5e03f7ec4e8f
2025-09-25 10:15:28 INFO  c.e.e.c.FormCreateController - Retrieved 1 forms for event 8 by user 19b1400c-26e9-4cc7-b6c9-1e1ec910d2eb
2025-09-25 10:15:38 INFO  c.e.event.service.FormCreateService - Retrieved active form for event 8 by user 19b1400c-26e9-4cc7-b6c9-1e1ec910d2eb
2025-09-25 10:15:38 INFO  c.e.e.c.FormCreateController - Retrieved active form for event 8 by user 19b1400c-26e9-4cc7-b6c9-1e1ec910d2eb
2025-09-25 10:16:46 INFO  c.e.event.service.FormCreateService - Retrieved active form for event 8 by user 19b1400c-26e9-4cc7-b6c9-1e1ec910d2eb
2025-09-25 10:16:46 INFO  c.e.e.c.FormCreateController - Retrieved active form for event 8 by user 19b1400c-26e9-4cc7-b6c9-1e1ec910d2eb
2025-09-25 10:17:21 INFO  c.e.event.service.FormCreateService - Retrieved active form for event 8 by user a9d14952-25f1-42b9-bb8e-5e03f7ec4e8f
2025-09-25 10:17:21 INFO  c.e.e.c.FormCreateController - Retrieved active form for event 8 by user a9d14952-25f1-42b9-bb8e-5e03f7ec4e8f
2025-09-25 10:18:27 INFO  c.e.event.controller.EventController - Fetching events - page: 0, size: 9, sortBy: startDate, sortDirection: desc
2025-09-25 10:18:27 INFO  c.e.event.service.EventService - Fetching all events with pagination: Page request [number: 0, size 9, sort: startDate: DESC]
2025-09-25 10:18:29 INFO  c.e.event.service.FormCreateService - Retrieved active form for event 8 by user 19b1400c-26e9-4cc7-b6c9-1e1ec910d2eb
2025-09-25 10:18:29 INFO  c.e.e.c.FormCreateController - Retrieved active form for event 8 by user 19b1400c-26e9-4cc7-b6c9-1e1ec910d2eb
2025-09-25 10:19:03 INFO  c.e.event.service.FormCreateService - Retrieved active form for event 8 by user 19b1400c-26e9-4cc7-b6c9-1e1ec910d2eb
2025-09-25 10:19:03 INFO  c.e.e.c.FormCreateController - Retrieved active form for event 8 by user 19b1400c-26e9-4cc7-b6c9-1e1ec910d2eb
2025-09-25 10:19:10 INFO  c.e.event.service.FormCreateService - Retrieved active form for event 8 by user 19b1400c-26e9-4cc7-b6c9-1e1ec910d2eb
2025-09-25 10:19:10 INFO  c.e.e.c.FormCreateController - Retrieved active form for event 8 by user 19b1400c-26e9-4cc7-b6c9-1e1ec910d2eb
2025-09-25 10:19:13 INFO  c.e.event.controller.EventController - Fetching events - page: 0, size: 9, sortBy: startDate, sortDirection: desc
2025-09-25 10:19:13 INFO  c.e.event.service.EventService - Fetching all events with pagination: Page request [number: 0, size 9, sort: startDate: DESC]
2025-09-25 10:19:46 INFO  c.e.event.controller.EventController - Fetching events - page: 0, size: 20, sortBy: startDate, sortDirection: asc
2025-09-25 10:19:46 INFO  c.e.event.service.EventService - Fetching all events with pagination: Page request [number: 0, size 20, sort: startDate: ASC]
2025-09-25 10:20:32 INFO  c.e.event.service.FormCreateService - Retrieved active form for event 8 by user 19b1400c-26e9-4cc7-b6c9-1e1ec910d2eb
2025-09-25 10:20:32 INFO  c.e.e.c.FormCreateController - Retrieved active form for event 8 by user 19b1400c-26e9-4cc7-b6c9-1e1ec910d2eb
2025-09-25 10:24:19 WARN  o.s.w.s.m.s.DefaultHandlerExceptionResolver - Resolved [org.springframework.web.HttpRequestMethodNotSupportedException: Request method 'DELETE' is not supported]
2025-09-25 10:25:54 INFO  c.e.event.service.FormCreateService - Retrieved active form for event 8 by user 19b1400c-26e9-4cc7-b6c9-1e1ec910d2eb
2025-09-25 10:25:54 INFO  c.e.e.c.FormCreateController - Retrieved active form for event 8 by user 19b1400c-26e9-4cc7-b6c9-1e1ec910d2eb
2025-09-25 10:25:56 WARN  o.s.w.s.m.s.DefaultHandlerExceptionResolver - Resolved [org.springframework.web.HttpRequestMethodNotSupportedException: Request method 'GET' is not supported]
2025-09-25 10:29:52 INFO  c.e.event.service.FormCreateService - Retrieved active form for event 8 by user 19b1400c-26e9-4cc7-b6c9-1e1ec910d2eb
2025-09-25 10:29:52 INFO  c.e.e.c.FormCreateController - Retrieved active form for event 8 by user 19b1400c-26e9-4cc7-b6c9-1e1ec910d2eb
2025-09-25 10:29:54 INFO  c.e.event.service.FormCreateService - Retrieved active form for event 8 by user 19b1400c-26e9-4cc7-b6c9-1e1ec910d2eb
2025-09-25 10:29:54 INFO  c.e.e.c.FormCreateController - Retrieved active form for event 8 by user 19b1400c-26e9-4cc7-b6c9-1e1ec910d2eb
2025-09-25 10:32:48 INFO  c.e.event.service.FormCreateService - Retrieved active form for event 8 by user 19b1400c-26e9-4cc7-b6c9-1e1ec910d2eb
2025-09-25 10:32:48 INFO  c.e.e.c.FormCreateController - Retrieved active form for event 8 by user 19b1400c-26e9-4cc7-b6c9-1e1ec910d2eb
2025-09-25 10:32:54 INFO  c.e.event.service.FormCreateService - Retrieved active form for event 8 by user 19b1400c-26e9-4cc7-b6c9-1e1ec910d2eb
2025-09-25 10:32:54 INFO  c.e.e.c.FormCreateController - Retrieved active form for event 8 by user 19b1400c-26e9-4cc7-b6c9-1e1ec910d2eb
2025-09-25 10:33:36 INFO  c.e.event.service.FormCreateService - Retrieved active form for event 8 by user 19b1400c-26e9-4cc7-b6c9-1e1ec910d2eb
2025-09-25 10:33:36 INFO  c.e.e.c.FormCreateController - Retrieved active form for event 8 by user 19b1400c-26e9-4cc7-b6c9-1e1ec910d2eb
2025-09-25 10:33:46 INFO  c.e.event.service.FormCreateService - Retrieved active form for event 8 by user 19b1400c-26e9-4cc7-b6c9-1e1ec910d2eb
2025-09-25 10:33:46 INFO  c.e.e.c.FormCreateController - Retrieved active form for event 8 by user 19b1400c-26e9-4cc7-b6c9-1e1ec910d2eb
2025-09-25 10:33:49 INFO  c.e.event.service.FormCreateService - Retrieved active form for event 8 by user 19b1400c-26e9-4cc7-b6c9-1e1ec910d2eb
2025-09-25 10:33:49 INFO  c.e.e.c.FormCreateController - Retrieved active form for event 8 by user 19b1400c-26e9-4cc7-b6c9-1e1ec910d2eb
2025-09-25 10:34:48 INFO  c.e.event.service.FormCreateService - Retrieved active form for event 8 by user 19b1400c-26e9-4cc7-b6c9-1e1ec910d2eb
2025-09-25 10:34:48 INFO  c.e.e.c.FormCreateController - Retrieved active form for event 8 by user 19b1400c-26e9-4cc7-b6c9-1e1ec910d2eb
2025-09-25 10:34:49 INFO  c.e.event.service.FormCreateService - Retrieved active form for event 8 by user 19b1400c-26e9-4cc7-b6c9-1e1ec910d2eb
2025-09-25 10:34:49 INFO  c.e.e.c.FormCreateController - Retrieved active form for event 8 by user 19b1400c-26e9-4cc7-b6c9-1e1ec910d2eb
2025-09-25 10:34:54 INFO  c.e.event.service.FormCreateService - Retrieved active form for event 8 by user 19b1400c-26e9-4cc7-b6c9-1e1ec910d2eb
2025-09-25 10:34:54 INFO  c.e.e.c.FormCreateController - Retrieved active form for event 8 by user 19b1400c-26e9-4cc7-b6c9-1e1ec910d2eb
2025-09-25 10:34:56 WARN  o.s.w.s.m.s.DefaultHandlerExceptionResolver - Resolved [org.springframework.web.HttpRequestMethodNotSupportedException: Request method 'GET' is not supported]
2025-09-25 10:35:04 INFO  c.e.event.service.FormCreateService - Retrieved active form for event 8 by user 19b1400c-26e9-4cc7-b6c9-1e1ec910d2eb
2025-09-25 10:35:04 INFO  c.e.e.c.FormCreateController - Retrieved active form for event 8 by user 19b1400c-26e9-4cc7-b6c9-1e1ec910d2eb
2025-09-25 10:35:17 INFO  c.e.event.service.FormCreateService - Retrieved active form for event 8 by user 19b1400c-26e9-4cc7-b6c9-1e1ec910d2eb
2025-09-25 10:35:17 INFO  c.e.e.c.FormCreateController - Retrieved active form for event 8 by user 19b1400c-26e9-4cc7-b6c9-1e1ec910d2eb
2025-09-25 10:35:21 INFO  c.e.event.service.FormCreateService - Retrieved active form for event 8 by user 19b1400c-26e9-4cc7-b6c9-1e1ec910d2eb
2025-09-25 10:35:21 INFO  c.e.e.c.FormCreateController - Retrieved active form for event 8 by user 19b1400c-26e9-4cc7-b6c9-1e1ec910d2eb
2025-09-25 10:35:29 WARN  o.s.w.s.m.s.DefaultHandlerExceptionResolver - Resolved [org.springframework.web.HttpRequestMethodNotSupportedException: Request method 'GET' is not supported]
2025-09-25 10:36:05 INFO  c.e.event.service.FormCreateService - Retrieved active form for event 8 by user 19b1400c-26e9-4cc7-b6c9-1e1ec910d2eb
2025-09-25 10:36:05 INFO  c.e.e.c.FormCreateController - Retrieved active form for event 8 by user 19b1400c-26e9-4cc7-b6c9-1e1ec910d2eb
2025-09-25 10:37:47 INFO  c.e.event.service.FormCreateService - Retrieved active form for event 8 by user 19b1400c-26e9-4cc7-b6c9-1e1ec910d2eb
2025-09-25 10:37:47 INFO  c.e.e.c.FormCreateController - Retrieved active form for event 8 by user 19b1400c-26e9-4cc7-b6c9-1e1ec910d2eb
2025-09-25 10:37:53 INFO  c.e.event.service.FormCreateService - Retrieved active form for event 8 by user 19b1400c-26e9-4cc7-b6c9-1e1ec910d2eb
2025-09-25 10:37:53 INFO  c.e.e.c.FormCreateController - Retrieved active form for event 8 by user 19b1400c-26e9-4cc7-b6c9-1e1ec910d2eb
2025-09-25 10:38:15 INFO  c.e.event.service.FormCreateService - Retrieved active form for event 8 by user 19b1400c-26e9-4cc7-b6c9-1e1ec910d2eb
2025-09-25 10:38:15 INFO  c.e.e.c.FormCreateController - Retrieved active form for event 8 by user 19b1400c-26e9-4cc7-b6c9-1e1ec910d2eb
2025-09-25 10:38:17 INFO  c.e.event.service.FormCreateService - Retrieved active form for event 8 by user 19b1400c-26e9-4cc7-b6c9-1e1ec910d2eb
2025-09-25 10:38:17 INFO  c.e.e.c.FormCreateController - Retrieved active form for event 8 by user 19b1400c-26e9-4cc7-b6c9-1e1ec910d2eb
2025-09-25 10:38:19 INFO  c.e.event.service.FormCreateService - Retrieved active form for event 8 by user 19b1400c-26e9-4cc7-b6c9-1e1ec910d2eb
2025-09-25 10:38:19 INFO  c.e.e.c.FormCreateController - Retrieved active form for event 8 by user 19b1400c-26e9-4cc7-b6c9-1e1ec910d2eb
2025-09-25 10:38:24 INFO  c.e.event.service.FormCreateService - Retrieved active form for event 8 by user 19b1400c-26e9-4cc7-b6c9-1e1ec910d2eb
2025-09-25 10:38:24 INFO  c.e.e.c.FormCreateController - Retrieved active form for event 8 by user 19b1400c-26e9-4cc7-b6c9-1e1ec910d2eb
2025-09-25 10:39:20 INFO  c.e.event.service.FormCreateService - Retrieved active form for event 8 by user 19b1400c-26e9-4cc7-b6c9-1e1ec910d2eb
2025-09-25 10:39:20 INFO  c.e.e.c.FormCreateController - Retrieved active form for event 8 by user 19b1400c-26e9-4cc7-b6c9-1e1ec910d2eb
2025-09-25 10:39:32 INFO  c.e.event.service.FormCreateService - Retrieved active form for event 8 by user 19b1400c-26e9-4cc7-b6c9-1e1ec910d2eb
2025-09-25 10:39:32 INFO  c.e.e.c.FormCreateController - Retrieved active form for event 8 by user 19b1400c-26e9-4cc7-b6c9-1e1ec910d2eb
2025-09-25 10:39:51 INFO  c.e.event.service.FormCreateService - Retrieved active form for event 8 by user 19b1400c-26e9-4cc7-b6c9-1e1ec910d2eb
2025-09-25 10:39:51 INFO  c.e.e.c.FormCreateController - Retrieved active form for event 8 by user 19b1400c-26e9-4cc7-b6c9-1e1ec910d2eb
2025-09-25 10:39:52 INFO  c.e.event.service.FormCreateService - Retrieved active form for event 8 by user 19b1400c-26e9-4cc7-b6c9-1e1ec910d2eb
2025-09-25 10:39:52 INFO  c.e.e.c.FormCreateController - Retrieved active form for event 8 by user 19b1400c-26e9-4cc7-b6c9-1e1ec910d2eb
2025-09-25 10:39:55 INFO  c.e.event.service.FormCreateService - Retrieved active form for event 8 by user 19b1400c-26e9-4cc7-b6c9-1e1ec910d2eb
2025-09-25 10:39:55 INFO  c.e.e.c.FormCreateController - Retrieved active form for event 8 by user 19b1400c-26e9-4cc7-b6c9-1e1ec910d2eb
2025-09-25 10:39:56 INFO  c.e.event.service.FormCreateService - Retrieved active form for event 8 by user 19b1400c-26e9-4cc7-b6c9-1e1ec910d2eb
2025-09-25 10:39:56 INFO  c.e.e.c.FormCreateController - Retrieved active form for event 8 by user 19b1400c-26e9-4cc7-b6c9-1e1ec910d2eb
2025-09-25 10:39:58 INFO  c.e.event.service.FormCreateService - Retrieved active form for event 8 by user 19b1400c-26e9-4cc7-b6c9-1e1ec910d2eb
2025-09-25 10:39:58 INFO  c.e.e.c.FormCreateController - Retrieved active form for event 8 by user 19b1400c-26e9-4cc7-b6c9-1e1ec910d2eb
2025-09-25 10:40:01 INFO  c.e.event.service.FormCreateService - Retrieved active form for event 8 by user 19b1400c-26e9-4cc7-b6c9-1e1ec910d2eb
2025-09-25 10:40:01 INFO  c.e.e.c.FormCreateController - Retrieved active form for event 8 by user 19b1400c-26e9-4cc7-b6c9-1e1ec910d2eb
2025-09-25 10:40:03 INFO  c.e.event.service.FormCreateService - Retrieved active form for event 8 by user 19b1400c-26e9-4cc7-b6c9-1e1ec910d2eb
2025-09-25 10:40:03 INFO  c.e.e.c.FormCreateController - Retrieved active form for event 8 by user 19b1400c-26e9-4cc7-b6c9-1e1ec910d2eb
2025-09-25 10:40:07 INFO  c.e.event.service.FormCreateService - Retrieved active form for event 8 by user 19b1400c-26e9-4cc7-b6c9-1e1ec910d2eb
2025-09-25 10:40:07 INFO  c.e.e.c.FormCreateController - Retrieved active form for event 8 by user 19b1400c-26e9-4cc7-b6c9-1e1ec910d2eb
2025-09-25 10:40:11 INFO  c.e.event.service.FormCreateService - Retrieved active form for event 8 by user 19b1400c-26e9-4cc7-b6c9-1e1ec910d2eb
2025-09-25 10:40:11 INFO  c.e.e.c.FormCreateController - Retrieved active form for event 8 by user 19b1400c-26e9-4cc7-b6c9-1e1ec910d2eb
2025-09-25 10:40:16 INFO  c.e.event.service.FormCreateService - Retrieved active form for event 8 by user 19b1400c-26e9-4cc7-b6c9-1e1ec910d2eb
2025-09-25 10:40:16 INFO  c.e.e.c.FormCreateController - Retrieved active form for event 8 by user 19b1400c-26e9-4cc7-b6c9-1e1ec910d2eb
2025-09-25 10:40:19 INFO  c.e.event.service.FormCreateService - Retrieved active form for event 8 by user 19b1400c-26e9-4cc7-b6c9-1e1ec910d2eb
2025-09-25 10:40:19 INFO  c.e.e.c.FormCreateController - Retrieved active form for event 8 by user 19b1400c-26e9-4cc7-b6c9-1e1ec910d2eb
2025-09-25 10:40:35 INFO  c.e.event.service.FormCreateService - Retrieved active form for event 8 by user 19b1400c-26e9-4cc7-b6c9-1e1ec910d2eb
2025-09-25 10:40:35 INFO  c.e.e.c.FormCreateController - Retrieved active form for event 8 by user 19b1400c-26e9-4cc7-b6c9-1e1ec910d2eb
2025-09-25 10:40:38 INFO  o.s.w.s.c.WebSocketMessageBrokerStats - WebSocketSession[2 current WS(2)-HttpStream(0)-HttpPoll(0), 46 total, 0 closed abnormally (0 connect failure, 0 send limit, 3 transport error)], stompSubProtocol[processed CONNECT(45)-CONNECTED(44)-DISCONNECT(24)], stompBrokerRelay[null], inboundChannel[pool size = 32, active threads = 0, queued tasks = 0, completed tasks = 480], outboundChannel[pool size = 11, active threads = 0, queued tasks = 0, completed tasks = 113], sockJsScheduler[pool size = 16, active threads = 1, queued tasks = 3, completed tasks = 493]
2025-09-25 10:40:50 INFO  c.e.event.service.FormCreateService - Retrieved active form for event 8 by user 19b1400c-26e9-4cc7-b6c9-1e1ec910d2eb
2025-09-25 10:40:50 INFO  c.e.e.c.FormCreateController - Retrieved active form for event 8 by user 19b1400c-26e9-4cc7-b6c9-1e1ec910d2eb
2025-09-25 10:41:04 INFO  c.e.event.service.FormCreateService - Retrieved active form for event 8 by user 19b1400c-26e9-4cc7-b6c9-1e1ec910d2eb
2025-09-25 10:41:04 INFO  c.e.e.c.FormCreateController - Retrieved active form for event 8 by user 19b1400c-26e9-4cc7-b6c9-1e1ec910d2eb
2025-09-25 10:41:34 INFO  c.e.event.service.FormCreateService - Retrieved active form for event 8 by user 19b1400c-26e9-4cc7-b6c9-1e1ec910d2eb
2025-09-25 10:41:34 INFO  c.e.e.c.FormCreateController - Retrieved active form for event 8 by user 19b1400c-26e9-4cc7-b6c9-1e1ec910d2eb
2025-09-25 10:41:49 INFO  c.e.event.service.FormCreateService - Retrieved active form for event 8 by user 19b1400c-26e9-4cc7-b6c9-1e1ec910d2eb
2025-09-25 10:41:49 INFO  c.e.e.c.FormCreateController - Retrieved active form for event 8 by user 19b1400c-26e9-4cc7-b6c9-1e1ec910d2eb
2025-09-25 10:41:59 INFO  c.e.event.service.FormCreateService - Retrieved active form for event 8 by user 19b1400c-26e9-4cc7-b6c9-1e1ec910d2eb
2025-09-25 10:41:59 INFO  c.e.e.c.FormCreateController - Retrieved active form for event 8 by user 19b1400c-26e9-4cc7-b6c9-1e1ec910d2eb
2025-09-25 10:42:13 INFO  c.e.event.service.FormCreateService - Retrieved active form for event 8 by user 19b1400c-26e9-4cc7-b6c9-1e1ec910d2eb
2025-09-25 10:42:13 INFO  c.e.e.c.FormCreateController - Retrieved active form for event 8 by user 19b1400c-26e9-4cc7-b6c9-1e1ec910d2eb
2025-09-25 10:42:17 INFO  c.e.event.service.FormCreateService - Retrieved active form for event 8 by user 19b1400c-26e9-4cc7-b6c9-1e1ec910d2eb
2025-09-25 10:42:17 INFO  c.e.e.c.FormCreateController - Retrieved active form for event 8 by user 19b1400c-26e9-4cc7-b6c9-1e1ec910d2eb
2025-09-25 10:42:33 INFO  c.e.event.service.FormCreateService - Retrieved active form for event 8 by user 19b1400c-26e9-4cc7-b6c9-1e1ec910d2eb
2025-09-25 10:42:33 INFO  c.e.e.c.FormCreateController - Retrieved active form for event 8 by user 19b1400c-26e9-4cc7-b6c9-1e1ec910d2eb
2025-09-25 10:42:45 INFO  c.e.event.service.FormCreateService - Retrieved active form for event 8 by user 19b1400c-26e9-4cc7-b6c9-1e1ec910d2eb
2025-09-25 10:42:45 INFO  c.e.e.c.FormCreateController - Retrieved active form for event 8 by user 19b1400c-26e9-4cc7-b6c9-1e1ec910d2eb
2025-09-25 10:43:05 INFO  c.e.event.service.FormCreateService - Retrieved active form for event 8 by user 19b1400c-26e9-4cc7-b6c9-1e1ec910d2eb
2025-09-25 10:43:05 INFO  c.e.e.c.FormCreateController - Retrieved active form for event 8 by user 19b1400c-26e9-4cc7-b6c9-1e1ec910d2eb
2025-09-25 10:43:28 INFO  c.e.event.service.FormCreateService - Retrieved active form for event 8 by user 19b1400c-26e9-4cc7-b6c9-1e1ec910d2eb
2025-09-25 10:43:28 INFO  c.e.e.c.FormCreateController - Retrieved active form for event 8 by user 19b1400c-26e9-4cc7-b6c9-1e1ec910d2eb
2025-09-25 10:44:03 INFO  c.e.event.service.FormCreateService - Retrieved active form for event 8 by user 19b1400c-26e9-4cc7-b6c9-1e1ec910d2eb
2025-09-25 10:44:03 INFO  c.e.e.c.FormCreateController - Retrieved active form for event 8 by user 19b1400c-26e9-4cc7-b6c9-1e1ec910d2eb
2025-09-25 10:47:53 INFO  c.e.event.service.FormCreateService - Retrieved active form for event 8 by user 19b1400c-26e9-4cc7-b6c9-1e1ec910d2eb
2025-09-25 10:47:53 INFO  c.e.e.c.FormCreateController - Retrieved active form for event 8 by user 19b1400c-26e9-4cc7-b6c9-1e1ec910d2eb
2025-09-25 10:48:28 INFO  c.e.event.service.FormCreateService - Retrieved active form for event 8 by user 19b1400c-26e9-4cc7-b6c9-1e1ec910d2eb
2025-09-25 10:48:28 INFO  c.e.e.c.FormCreateController - Retrieved active form for event 8 by user 19b1400c-26e9-4cc7-b6c9-1e1ec910d2eb
2025-09-25 10:49:52 INFO  c.e.event.service.FormCreateService - Retrieved active form for event 8 by user 19b1400c-26e9-4cc7-b6c9-1e1ec910d2eb
2025-09-25 10:49:52 INFO  c.e.e.c.FormCreateController - Retrieved active form for event 8 by user 19b1400c-26e9-4cc7-b6c9-1e1ec910d2eb
2025-09-25 10:50:04 INFO  c.e.event.service.FormCreateService - Retrieved active form for event 8 by user 19b1400c-26e9-4cc7-b6c9-1e1ec910d2eb
2025-09-25 10:50:04 INFO  c.e.e.c.FormCreateController - Retrieved active form for event 8 by user 19b1400c-26e9-4cc7-b6c9-1e1ec910d2eb
2025-09-25 10:50:12 INFO  c.e.event.service.FormCreateService - Retrieved active form for event 8 by user 19b1400c-26e9-4cc7-b6c9-1e1ec910d2eb
2025-09-25 10:50:12 INFO  c.e.e.c.FormCreateController - Retrieved active form for event 8 by user 19b1400c-26e9-4cc7-b6c9-1e1ec910d2eb
2025-09-25 10:50:14 INFO  c.e.event.service.FormCreateService - Retrieved active form for event 8 by user 19b1400c-26e9-4cc7-b6c9-1e1ec910d2eb
2025-09-25 10:50:14 INFO  c.e.e.c.FormCreateController - Retrieved active form for event 8 by user 19b1400c-26e9-4cc7-b6c9-1e1ec910d2eb
2025-09-25 10:50:26 INFO  c.e.event.service.FormCreateService - Retrieved active form for event 8 by user 19b1400c-26e9-4cc7-b6c9-1e1ec910d2eb
2025-09-25 10:50:26 INFO  c.e.e.c.FormCreateController - Retrieved active form for event 8 by user 19b1400c-26e9-4cc7-b6c9-1e1ec910d2eb
2025-09-25 10:50:35 INFO  c.e.event.service.FormCreateService - Retrieved active form for event 8 by user 19b1400c-26e9-4cc7-b6c9-1e1ec910d2eb
2025-09-25 10:50:35 INFO  c.e.e.c.FormCreateController - Retrieved active form for event 8 by user 19b1400c-26e9-4cc7-b6c9-1e1ec910d2eb
2025-09-25 10:51:04 INFO  c.e.event.service.FormCreateService - Retrieved active form for event 8 by user 19b1400c-26e9-4cc7-b6c9-1e1ec910d2eb
2025-09-25 10:51:04 INFO  c.e.e.c.FormCreateController - Retrieved active form for event 8 by user 19b1400c-26e9-4cc7-b6c9-1e1ec910d2eb
2025-09-25 10:51:38 INFO  c.e.event.service.FormCreateService - Retrieved active form for event 8 by user 19b1400c-26e9-4cc7-b6c9-1e1ec910d2eb
2025-09-25 10:51:38 INFO  c.e.e.c.FormCreateController - Retrieved active form for event 8 by user 19b1400c-26e9-4cc7-b6c9-1e1ec910d2eb
2025-09-25 10:51:42 WARN  o.s.w.s.m.s.DefaultHandlerExceptionResolver - Resolved [org.springframework.web.HttpRequestMethodNotSupportedException: Request method 'GET' is not supported]
2025-09-25 10:53:46 INFO  c.e.event.service.FormCreateService - Retrieved active form for event 8 by user 19b1400c-26e9-4cc7-b6c9-1e1ec910d2eb
2025-09-25 10:53:46 INFO  c.e.e.c.FormCreateController - Retrieved active form for event 8 by user 19b1400c-26e9-4cc7-b6c9-1e1ec910d2eb
2025-09-25 10:53:58 INFO  c.e.event.service.FormCreateService - Retrieved active form for event 8 by user 19b1400c-26e9-4cc7-b6c9-1e1ec910d2eb
2025-09-25 10:53:58 INFO  c.e.e.c.FormCreateController - Retrieved active form for event 8 by user 19b1400c-26e9-4cc7-b6c9-1e1ec910d2eb
2025-09-25 10:54:07 INFO  c.e.event.service.FormCreateService - Retrieved active form for event 8 by user 19b1400c-26e9-4cc7-b6c9-1e1ec910d2eb
2025-09-25 10:54:07 INFO  c.e.e.c.FormCreateController - Retrieved active form for event 8 by user 19b1400c-26e9-4cc7-b6c9-1e1ec910d2eb
2025-09-25 10:54:34 INFO  c.e.event.service.FormCreateService - Retrieved active form for event 8 by user 19b1400c-26e9-4cc7-b6c9-1e1ec910d2eb
2025-09-25 10:54:34 INFO  c.e.e.c.FormCreateController - Retrieved active form for event 8 by user 19b1400c-26e9-4cc7-b6c9-1e1ec910d2eb
2025-09-25 10:54:37 WARN  o.s.w.s.m.s.DefaultHandlerExceptionResolver - Resolved [org.springframework.web.HttpRequestMethodNotSupportedException: Request method 'GET' is not supported]
2025-09-25 10:54:48 INFO  c.e.event.service.FormCreateService - Retrieved active form for event 8 by user 19b1400c-26e9-4cc7-b6c9-1e1ec910d2eb
2025-09-25 10:54:48 INFO  c.e.e.c.FormCreateController - Retrieved active form for event 8 by user 19b1400c-26e9-4cc7-b6c9-1e1ec910d2eb
2025-09-25 10:55:36 INFO  c.e.event.service.FormCreateService - Retrieved active form for event 8 by user 19b1400c-26e9-4cc7-b6c9-1e1ec910d2eb
2025-09-25 10:55:36 INFO  c.e.e.c.FormCreateController - Retrieved active form for event 8 by user 19b1400c-26e9-4cc7-b6c9-1e1ec910d2eb
2025-09-25 10:56:12 WARN  o.s.w.s.m.s.DefaultHandlerExceptionResolver - Resolved [org.springframework.web.HttpRequestMethodNotSupportedException: Request method 'GET' is not supported]
2025-09-25 10:59:26 INFO  c.e.event.service.FormCreateService - Retrieved active form for event 8 by user 19b1400c-26e9-4cc7-b6c9-1e1ec910d2eb
2025-09-25 10:59:26 INFO  c.e.e.c.FormCreateController - Retrieved active form for event 8 by user 19b1400c-26e9-4cc7-b6c9-1e1ec910d2eb
2025-09-25 11:00:04 INFO  c.e.event.service.FormCreateService - Retrieved active form for event 8 by user 19b1400c-26e9-4cc7-b6c9-1e1ec910d2eb
2025-09-25 11:00:04 INFO  c.e.e.c.FormCreateController - Retrieved active form for event 8 by user 19b1400c-26e9-4cc7-b6c9-1e1ec910d2eb
2025-09-25 11:00:11 INFO  c.e.event.service.FormCreateService - Retrieved active form for event 8 by user 19b1400c-26e9-4cc7-b6c9-1e1ec910d2eb
2025-09-25 11:00:11 INFO  c.e.e.c.FormCreateController - Retrieved active form for event 8 by user 19b1400c-26e9-4cc7-b6c9-1e1ec910d2eb
2025-09-25 11:00:19 INFO  c.e.event.service.FormCreateService - Retrieved active form for event 8 by user 19b1400c-26e9-4cc7-b6c9-1e1ec910d2eb
2025-09-25 11:00:19 INFO  c.e.e.c.FormCreateController - Retrieved active form for event 8 by user 19b1400c-26e9-4cc7-b6c9-1e1ec910d2eb
2025-09-25 11:00:57 INFO  c.e.event.service.FormCreateService - Retrieved active form for event 8 by user 19b1400c-26e9-4cc7-b6c9-1e1ec910d2eb
2025-09-25 11:00:57 INFO  c.e.e.c.FormCreateController - Retrieved active form for event 8 by user 19b1400c-26e9-4cc7-b6c9-1e1ec910d2eb
2025-09-25 11:01:52 INFO  c.e.event.service.FormCreateService - Retrieved active form for event 8 by user 19b1400c-26e9-4cc7-b6c9-1e1ec910d2eb
2025-09-25 11:01:52 INFO  c.e.e.c.FormCreateController - Retrieved active form for event 8 by user 19b1400c-26e9-4cc7-b6c9-1e1ec910d2eb
2025-09-25 11:01:58 INFO  c.e.event.service.FormCreateService - Retrieved active form for event 8 by user 19b1400c-26e9-4cc7-b6c9-1e1ec910d2eb
2025-09-25 11:01:58 INFO  c.e.e.c.FormCreateController - Retrieved active form for event 8 by user 19b1400c-26e9-4cc7-b6c9-1e1ec910d2eb
2025-09-25 11:02:00 WARN  o.s.w.s.m.s.DefaultHandlerExceptionResolver - Resolved [org.springframework.web.HttpRequestMethodNotSupportedException: Request method 'GET' is not supported]
2025-09-25 11:04:22 INFO  o.s.m.s.b.SimpleBrokerMessageHandler - Stopping...
2025-09-25 11:04:22 INFO  o.s.m.s.b.SimpleBrokerMessageHandler - BrokerAvailabilityEvent[available=false, SimpleBrokerMessageHandler [org.springframework.messaging.simp.broker.DefaultSubscriptionRegistry@673b272f]]
2025-09-25 11:04:22 INFO  o.s.m.s.b.SimpleBrokerMessageHandler - Stopped.
2025-09-25 11:04:22 INFO  o.s.o.j.LocalContainerEntityManagerFactoryBean - Closing JPA EntityManagerFactory for persistence unit 'default'
2025-09-25 11:04:22 INFO  com.zaxxer.hikari.HikariDataSource - HikariPool-1 - Shutdown initiated...
2025-09-25 11:04:22 INFO  com.zaxxer.hikari.HikariDataSource - HikariPool-1 - Shutdown completed.
2025-09-25 11:04:30 INFO  o.h.validator.internal.util.Version - HV000001: Hibernate Validator 8.0.2.Final
2025-09-25 11:04:30 INFO  com.educonnect.Main - Starting Main using Java 21.0.8 with PID 18804 (D:\SGP3\EduConnect\target\classes started by Admin in D:\SGP3\EduConnect)
2025-09-25 11:04:30 INFO  com.educonnect.Main - No active profile set, falling back to 1 default profile: "default"
2025-09-25 11:04:30 INFO  o.s.b.d.e.DevToolsPropertyDefaultsPostProcessor - Devtools property defaults active! Set 'spring.devtools.add-properties' to 'false' to disable
2025-09-25 11:04:30 INFO  o.s.b.d.e.DevToolsPropertyDefaultsPostProcessor - For additional web related logging consider setting the 'logging.level.web' property to 'DEBUG'
2025-09-25 11:04:32 INFO  o.s.d.r.c.RepositoryConfigurationDelegate - Bootstrapping Spring Data JPA repositories in DEFAULT mode.
2025-09-25 11:04:32 INFO  o.s.d.r.c.RepositoryConfigurationDelegate - Finished Spring Data repository scanning in 209 ms. Found 20 JPA repository interfaces.
2025-09-25 11:04:33 INFO  o.s.b.w.e.tomcat.TomcatWebServer - Tomcat initialized with port 8081 (http)
2025-09-25 11:04:33 INFO  o.a.coyote.http11.Http11NioProtocol - Initializing ProtocolHandler ["http-nio-8081"]
2025-09-25 11:04:33 INFO  o.a.catalina.core.StandardService - Starting service [Tomcat]
2025-09-25 11:04:33 INFO  o.a.catalina.core.StandardEngine - Starting Servlet engine: [Apache Tomcat/10.1.41]
2025-09-25 11:04:34 INFO  o.a.c.c.C.[Tomcat].[localhost].[/] - Initializing Spring embedded WebApplicationContext
2025-09-25 11:04:34 INFO  o.s.b.w.s.c.ServletWebServerApplicationContext - Root WebApplicationContext: initialization completed in 3549 ms
2025-09-25 11:04:34 INFO  o.h.jpa.internal.util.LogHelper - HHH000204: Processing PersistenceUnitInfo [name: default]
2025-09-25 11:04:34 INFO  org.hibernate.Version - HHH000412: Hibernate ORM core version 6.5.3.Final
2025-09-25 11:04:34 INFO  o.h.c.i.RegionFactoryInitiator - HHH000026: Second-level cache disabled
2025-09-25 11:04:35 INFO  o.s.o.j.p.SpringPersistenceUnitInfo - No LoadTimeWeaver setup: ignoring JPA class transformer
2025-09-25 11:04:35 INFO  com.zaxxer.hikari.HikariDataSource - HikariPool-1 - Starting...
2025-09-25 11:04:35 INFO  com.zaxxer.hikari.pool.HikariPool - HikariPool-1 - Added connection org.postgresql.jdbc.PgConnection@403b9d6f
2025-09-25 11:04:35 INFO  com.zaxxer.hikari.HikariDataSource - HikariPool-1 - Start completed.
2025-09-25 11:04:37 INFO  o.h.e.t.j.p.i.JtaPlatformInitiator - HHH000489: No JTA platform available (set 'hibernate.transaction.jta.platform' to enable JTA platform integration)
2025-09-25 11:04:37 INFO  o.s.o.j.LocalContainerEntityManagerFactoryBean - Initialized JPA EntityManagerFactory for persistence unit 'default'
2025-09-25 11:04:37 INFO  o.s.d.j.r.query.QueryEnhancerFactory - Hibernate is in classpath; If applicable, HQL parser will be used.
2025-09-25 11:04:41 WARN  o.s.b.a.o.j.JpaBaseConfiguration$JpaWebConfiguration - spring.jpa.open-in-view is enabled by default. Therefore, database queries may be performed during view rendering. Explicitly configure spring.jpa.open-in-view to disable this warning
2025-09-25 11:04:41 INFO  o.s.s.c.a.a.c.InitializeAuthenticationProviderBeanManagerConfigurer$InitializeAuthenticationProviderManagerConfigurer - Global AuthenticationManager configured with AuthenticationProvider bean with name authenticationProvider
2025-09-25 11:04:41 WARN  o.s.s.c.a.a.c.InitializeUserDetailsBeanManagerConfigurer$InitializeUserDetailsManagerConfigurer - Global AuthenticationManager configured with an AuthenticationProvider bean. UserDetailsService beans will not be used for username/password login. Consider removing the AuthenticationProvider bean. Alternatively, consider using the UserDetailsService in a manually instantiated DaoAuthenticationProvider.
2025-09-25 11:04:42 INFO  o.s.b.d.a.OptionalLiveReloadServer - LiveReload server is running on port 35729
2025-09-25 11:04:42 INFO  o.a.coyote.http11.Http11NioProtocol - Starting ProtocolHandler ["http-nio-8081"]
2025-09-25 11:04:42 INFO  o.s.b.w.e.tomcat.TomcatWebServer - Tomcat started on port 8081 (http) with context path '/'
2025-09-25 11:04:42 INFO  o.s.m.s.b.SimpleBrokerMessageHandler - Starting...
2025-09-25 11:04:42 INFO  o.s.m.s.b.SimpleBrokerMessageHandler - BrokerAvailabilityEvent[available=true, SimpleBrokerMessageHandler [org.springframework.messaging.simp.broker.DefaultSubscriptionRegistry@f0dc272]]
2025-09-25 11:04:42 INFO  o.s.m.s.b.SimpleBrokerMessageHandler - Started.
2025-09-25 11:04:42 INFO  com.educonnect.Main - Started Main in 12.566 seconds (process running for 13.09)
2025-09-25 11:04:44 INFO  o.a.c.c.C.[Tomcat].[localhost].[/] - Initializing Spring DispatcherServlet 'dispatcherServlet'
2025-09-25 11:04:44 INFO  o.s.web.servlet.DispatcherServlet - Initializing Servlet 'dispatcherServlet'
2025-09-25 11:04:44 INFO  o.s.web.servlet.DispatcherServlet - Completed initialization in 2 ms
2025-09-25 11:05:42 INFO  o.s.w.s.c.WebSocketMessageBrokerStats - WebSocketSession[2 current WS(2)-HttpStream(0)-HttpPoll(0), 2 total, 0 closed abnormally (0 connect failure, 0 send limit, 0 transport error)], stompSubProtocol[processed CONNECT(2)-CONNECTED(2)-DISCONNECT(0)], stompBrokerRelay[null], inboundChannel[pool size = 12, active threads = 0, queued tasks = 0, completed tasks = 12], outboundChannel[pool size = 2, active threads = 0, queued tasks = 0, completed tasks = 2], sockJsScheduler[pool size = 16, active threads = 1, queued tasks = 3, completed tasks = 16]
2025-09-25 11:05:43 INFO  c.e.event.controller.EventController - Fetching events - page: 0, size: 9, sortBy: startDate, sortDirection: desc
2025-09-25 11:05:43 INFO  c.e.event.service.EventService - Fetching all events with pagination: Page request [number: 0, size 9, sort: startDate: DESC]
2025-09-25 11:05:45 INFO  c.e.event.service.FormCreateService - Retrieved active form for event 8 by user 19b1400c-26e9-4cc7-b6c9-1e1ec910d2eb
2025-09-25 11:05:45 INFO  c.e.e.c.FormCreateController - Retrieved active form for event 8 by user 19b1400c-26e9-4cc7-b6c9-1e1ec910d2eb
2025-09-25 11:05:47 ERROR c.e.e.c.FormCreateController - Invalid input for retrieving form 4 in event 8: User does not have permission to view All forms for this event
2025-09-25 11:06:40 ERROR c.e.e.c.FormCreateController - Invalid input for retrieving form 4 in event 8: User does not have permission to view All forms for this event
2025-09-25 11:07:31 INFO  o.s.m.s.b.SimpleBrokerMessageHandler - Stopping...
2025-09-25 11:07:31 INFO  o.s.m.s.b.SimpleBrokerMessageHandler - BrokerAvailabilityEvent[available=false, SimpleBrokerMessageHandler [org.springframework.messaging.simp.broker.DefaultSubscriptionRegistry@f0dc272]]
2025-09-25 11:07:31 INFO  o.s.m.s.b.SimpleBrokerMessageHandler - Stopped.
2025-09-25 11:07:31 INFO  o.s.o.j.LocalContainerEntityManagerFactoryBean - Closing JPA EntityManagerFactory for persistence unit 'default'
2025-09-25 11:07:31 INFO  com.zaxxer.hikari.HikariDataSource - HikariPool-1 - Shutdown initiated...
2025-09-25 11:07:31 INFO  com.zaxxer.hikari.HikariDataSource - HikariPool-1 - Shutdown completed.
2025-09-25 11:07:38 INFO  o.h.validator.internal.util.Version - HV000001: Hibernate Validator 8.0.2.Final
2025-09-25 11:07:38 INFO  com.educonnect.Main - Starting Main using Java 21.0.8 with PID 30792 (D:\SGP3\EduConnect\target\classes started by Admin in D:\SGP3\EduConnect)
2025-09-25 11:07:38 INFO  com.educonnect.Main - No active profile set, falling back to 1 default profile: "default"
2025-09-25 11:07:38 INFO  o.s.b.d.e.DevToolsPropertyDefaultsPostProcessor - Devtools property defaults active! Set 'spring.devtools.add-properties' to 'false' to disable
2025-09-25 11:07:38 INFO  o.s.b.d.e.DevToolsPropertyDefaultsPostProcessor - For additional web related logging consider setting the 'logging.level.web' property to 'DEBUG'
2025-09-25 11:07:39 INFO  o.s.d.r.c.RepositoryConfigurationDelegate - Bootstrapping Spring Data JPA repositories in DEFAULT mode.
2025-09-25 11:07:40 INFO  o.s.d.r.c.RepositoryConfigurationDelegate - Finished Spring Data repository scanning in 259 ms. Found 20 JPA repository interfaces.
2025-09-25 11:07:41 INFO  o.s.b.w.e.tomcat.TomcatWebServer - Tomcat initialized with port 8081 (http)
2025-09-25 11:07:41 INFO  o.a.coyote.http11.Http11NioProtocol - Initializing ProtocolHandler ["http-nio-8081"]
2025-09-25 11:07:41 INFO  o.a.catalina.core.StandardService - Starting service [Tomcat]
2025-09-25 11:07:41 INFO  o.a.catalina.core.StandardEngine - Starting Servlet engine: [Apache Tomcat/10.1.41]
2025-09-25 11:07:42 INFO  o.a.c.c.C.[Tomcat].[localhost].[/] - Initializing Spring embedded WebApplicationContext
2025-09-25 11:07:42 INFO  o.s.b.w.s.c.ServletWebServerApplicationContext - Root WebApplicationContext: initialization completed in 3594 ms
2025-09-25 11:07:42 INFO  o.h.jpa.internal.util.LogHelper - HHH000204: Processing PersistenceUnitInfo [name: default]
2025-09-25 11:07:42 INFO  org.hibernate.Version - HHH000412: Hibernate ORM core version 6.5.3.Final
2025-09-25 11:07:42 INFO  o.h.c.i.RegionFactoryInitiator - HHH000026: Second-level cache disabled
2025-09-25 11:07:42 INFO  o.s.o.j.p.SpringPersistenceUnitInfo - No LoadTimeWeaver setup: ignoring JPA class transformer
2025-09-25 11:07:42 INFO  com.zaxxer.hikari.HikariDataSource - HikariPool-1 - Starting...
2025-09-25 11:07:43 INFO  com.zaxxer.hikari.pool.HikariPool - HikariPool-1 - Added connection org.postgresql.jdbc.PgConnection@31e6a047
2025-09-25 11:07:43 INFO  com.zaxxer.hikari.HikariDataSource - HikariPool-1 - Start completed.
2025-09-25 11:07:44 INFO  o.h.e.t.j.p.i.JtaPlatformInitiator - HHH000489: No JTA platform available (set 'hibernate.transaction.jta.platform' to enable JTA platform integration)
2025-09-25 11:07:45 INFO  o.s.o.j.LocalContainerEntityManagerFactoryBean - Initialized JPA EntityManagerFactory for persistence unit 'default'
2025-09-25 11:07:45 INFO  o.s.d.j.r.query.QueryEnhancerFactory - Hibernate is in classpath; If applicable, HQL parser will be used.
2025-09-25 11:07:48 WARN  o.s.b.a.o.j.JpaBaseConfiguration$JpaWebConfiguration - spring.jpa.open-in-view is enabled by default. Therefore, database queries may be performed during view rendering. Explicitly configure spring.jpa.open-in-view to disable this warning
2025-09-25 11:07:48 INFO  o.s.s.c.a.a.c.InitializeAuthenticationProviderBeanManagerConfigurer$InitializeAuthenticationProviderManagerConfigurer - Global AuthenticationManager configured with AuthenticationProvider bean with name authenticationProvider
2025-09-25 11:07:48 WARN  o.s.s.c.a.a.c.InitializeUserDetailsBeanManagerConfigurer$InitializeUserDetailsManagerConfigurer - Global AuthenticationManager configured with an AuthenticationProvider bean. UserDetailsService beans will not be used for username/password login. Consider removing the AuthenticationProvider bean. Alternatively, consider using the UserDetailsService in a manually instantiated DaoAuthenticationProvider.
2025-09-25 11:07:49 INFO  o.s.b.d.a.OptionalLiveReloadServer - LiveReload server is running on port 35729
2025-09-25 11:07:49 INFO  o.a.coyote.http11.Http11NioProtocol - Starting ProtocolHandler ["http-nio-8081"]
2025-09-25 11:07:49 INFO  o.s.b.w.e.tomcat.TomcatWebServer - Tomcat started on port 8081 (http) with context path '/'
2025-09-25 11:07:49 INFO  o.s.m.s.b.SimpleBrokerMessageHandler - Starting...
2025-09-25 11:07:49 INFO  o.s.m.s.b.SimpleBrokerMessageHandler - BrokerAvailabilityEvent[available=true, SimpleBrokerMessageHandler [org.springframework.messaging.simp.broker.DefaultSubscriptionRegistry@6bba39bb]]
2025-09-25 11:07:49 INFO  o.s.m.s.b.SimpleBrokerMessageHandler - Started.
2025-09-25 11:07:49 INFO  com.educonnect.Main - Started Main in 12.104 seconds (process running for 12.648)
2025-09-25 11:07:53 INFO  o.a.c.c.C.[Tomcat].[localhost].[/] - Initializing Spring DispatcherServlet 'dispatcherServlet'
2025-09-25 11:07:53 INFO  o.s.web.servlet.DispatcherServlet - Initializing Servlet 'dispatcherServlet'
2025-09-25 11:07:53 INFO  o.s.web.servlet.DispatcherServlet - Completed initialization in 1 ms
2025-09-25 11:07:54 INFO  c.e.e.c.FormCreateController - Retrieved form 4 for event 8 by user 19b1400c-26e9-4cc7-b6c9-1e1ec910d2eb
2025-09-25 11:07:56 INFO  c.e.event.controller.EventController - Fetching events - page: 0, size: 9, sortBy: startDate, sortDirection: desc
2025-09-25 11:07:56 INFO  c.e.event.service.EventService - Fetching all events with pagination: Page request [number: 0, size 9, sort: startDate: DESC]
2025-09-25 11:07:59 INFO  c.e.event.service.FormCreateService - Retrieved active form for event 8 by user 19b1400c-26e9-4cc7-b6c9-1e1ec910d2eb
2025-09-25 11:07:59 INFO  c.e.e.c.FormCreateController - Retrieved active form for event 8 by user 19b1400c-26e9-4cc7-b6c9-1e1ec910d2eb
2025-09-25 11:08:01 INFO  c.e.e.c.FormCreateController - Retrieved form 4 for event 8 by user 19b1400c-26e9-4cc7-b6c9-1e1ec910d2eb
2025-09-25 11:08:49 INFO  o.s.w.s.c.WebSocketMessageBrokerStats - WebSocketSession[2 current WS(2)-HttpStream(0)-HttpPoll(0), 4 total, 0 closed abnormally (0 connect failure, 0 send limit, 0 transport error)], stompSubProtocol[processed CONNECT(4)-CONNECTED(4)-DISCONNECT(1)], stompBrokerRelay[null], inboundChannel[pool size = 32, active threads = 0, queued tasks = 0, completed tasks = 33], outboundChannel[pool size = 7, active threads = 0, queued tasks = 0, completed tasks = 7], sockJsScheduler[pool size = 16, active threads = 1, queued tasks = 3, completed tasks = 16]
2025-09-25 11:09:02 WARN  o.s.w.s.m.s.DefaultHandlerExceptionResolver - Resolved [org.springframework.web.method.annotation.MethodArgumentTypeMismatchException: Method parameter 'registrationId': Failed to convert value of type 'java.lang.String' to required type 'java.lang.Long'; For input string: "undefined"]
2025-09-25 11:09:02 WARN  o.s.w.s.m.m.a.ExceptionHandlerExceptionResolver - Resolved [org.springframework.web.HttpMediaTypeNotAcceptableException: No acceptable representation]
2025-09-25 11:12:00 INFO  c.e.event.service.FormCreateService - Retrieved active form for event 8 by user 19b1400c-26e9-4cc7-b6c9-1e1ec910d2eb
2025-09-25 11:12:00 INFO  c.e.e.c.FormCreateController - Retrieved active form for event 8 by user 19b1400c-26e9-4cc7-b6c9-1e1ec910d2eb
2025-09-25 11:12:14 INFO  c.e.event.service.FormCreateService - Retrieved active form for event 8 by user 19b1400c-26e9-4cc7-b6c9-1e1ec910d2eb
2025-09-25 11:12:14 INFO  c.e.e.c.FormCreateController - Retrieved active form for event 8 by user 19b1400c-26e9-4cc7-b6c9-1e1ec910d2eb
2025-09-25 11:12:39 INFO  c.e.event.service.FormCreateService - Retrieved active form for event 8 by user 19b1400c-26e9-4cc7-b6c9-1e1ec910d2eb
2025-09-25 11:12:39 INFO  c.e.e.c.FormCreateController - Retrieved active form for event 8 by user 19b1400c-26e9-4cc7-b6c9-1e1ec910d2eb
